<?xml version="1.0" encoding="UTF-8"?>
<!-- Generated by org.testng.reporters.JUnitReportReporter -->
<testsuite hostname="Debayan_Laptop" failures="0" tests="1" name="automation.framework.runner.testRunner" time="14.041" errors="0" timestamp="2025-02-21T14:22:41 IST" skipped="0">
  <testcase classname="automation.framework.runner.testRunner" name="runScenario" time="14.041"/>
</testsuite> <!-- automation.framework.runner.testRunner -->
