<?xml version="1.0" encoding="UTF-8"?>
<!-- Generated by org.testng.reporters.JUnitReportReporter -->
<testsuite hostname="Debayan_Laptop" failures="0" tests="1" name="automation.framework.runner.testRunner" time="5.774" errors="0" timestamp="2025-02-18T22:32:23 IST" skipped="0">
  <testcase classname="automation.framework.runner.testRunner" name="runScenario" time="5.774"/>
</testsuite> <!-- automation.framework.runner.testRunner -->
