<?xml version="1.0" encoding="UTF-8"?>
<!-- Generated by org.testng.reporters.JUnitReportReporter -->
<testsuite hostname="Debayan_Laptop" failures="0" tests="2" name="automation.framework.runner.testRunner" time="80.458" errors="0" timestamp="2025-02-25T21:32:01 IST" skipped="0">
  <testcase classname="automation.framework.runner.testRunner" name="runScenario" time="40.600"/>
  <testcase classname="automation.framework.runner.testRunner" name="runScenario" time="39.858"/>
</testsuite> <!-- automation.framework.runner.testRunner -->
